d:\anton\escritorio\proyecto progra\proyecto\lamaquinadeltiempo\primerproyecto\debug\vc142.pdb
d:\anton\escritorio\proyecto progra\proyecto\lamaquinadeltiempo\primerproyecto\debug\vc142.idb
d:\anton\escritorio\proyecto progra\proyecto\lamaquinadeltiempo\primerproyecto\debug\vista.obj
d:\anton\escritorio\proyecto progra\proyecto\lamaquinadeltiempo\primerproyecto\debug\productoperecedero.obj
d:\anton\escritorio\proyecto progra\proyecto\lamaquinadeltiempo\primerproyecto\debug\productonoperecedero.obj
d:\anton\escritorio\proyecto progra\proyecto\lamaquinadeltiempo\primerproyecto\debug\producto.obj
d:\anton\escritorio\proyecto progra\proyecto\lamaquinadeltiempo\primerproyecto\debug\monderoelectronico.obj
d:\anton\escritorio\proyecto progra\proyecto\lamaquinadeltiempo\primerproyecto\debug\menuprincipal.obj
d:\anton\escritorio\proyecto progra\proyecto\lamaquinadeltiempo\primerproyecto\debug\menucobro.obj
d:\anton\escritorio\proyecto progra\proyecto\lamaquinadeltiempo\primerproyecto\debug\menuadministrador.obj
d:\anton\escritorio\proyecto progra\proyecto\lamaquinadeltiempo\primerproyecto\debug\maquina.obj
d:\anton\escritorio\proyecto progra\proyecto\lamaquinadeltiempo\primerproyecto\debug\main.obj
d:\anton\escritorio\proyecto progra\proyecto\lamaquinadeltiempo\primerproyecto\debug\iterador.obj
d:\anton\escritorio\proyecto progra\proyecto\lamaquinadeltiempo\primerproyecto\debug\fecha.obj
d:\anton\escritorio\proyecto progra\proyecto\lamaquinadeltiempo\debug\primerproyecto.ilk
d:\anton\escritorio\proyecto progra\proyecto\lamaquinadeltiempo\debug\primerproyecto.exe
d:\anton\escritorio\proyecto progra\proyecto\lamaquinadeltiempo\debug\primerproyecto.pdb
d:\anton\escritorio\proyecto progra\proyecto\lamaquinadeltiempo\primerproyecto\debug\primerproyecto.tlog\cl.command.1.tlog
d:\anton\escritorio\proyecto progra\proyecto\lamaquinadeltiempo\primerproyecto\debug\primerproyecto.tlog\cl.read.1.tlog
d:\anton\escritorio\proyecto progra\proyecto\lamaquinadeltiempo\primerproyecto\debug\primerproyecto.tlog\cl.write.1.tlog
d:\anton\escritorio\proyecto progra\proyecto\lamaquinadeltiempo\primerproyecto\debug\primerproyecto.tlog\link.command.1.tlog
d:\anton\escritorio\proyecto progra\proyecto\lamaquinadeltiempo\primerproyecto\debug\primerproyecto.tlog\link.read.1.tlog
d:\anton\escritorio\proyecto progra\proyecto\lamaquinadeltiempo\primerproyecto\debug\primerproyecto.tlog\link.write.1.tlog
